[2015.11.05-01.21.13:805][  0]Log file open, 11/04/15 17:21:13
[2015.11.05-01.21.13:805][  0]LogInit:Display: Running engine for game: ProjectOne
[2015.11.05-01.21.13:805][  0]LogInit:Display: RandInit(-401415538) SRandInit(-401415537).
[2015.11.05-01.21.13:805][  0]LogTaskGraph: Started task graph with 4 named threads and 7 total threads.
[2015.11.05-01.21.13:805][  0]LogStats: Stats thread started at 0.156979
[2015.11.05-01.21.13:805][  0]LogInit: Version: 4.9.2-2707645+++depot+UE4-Releases+4.9
[2015.11.05-01.21.13:805][  0]LogInit: API Version: 2672455
[2015.11.05-01.21.13:805][  0]LogInit: Compiled (64-bit): Sep 28 2015 10:25:44
[2015.11.05-01.21.13:805][  0]LogInit: Compiled with Visual C++: 18.00.21005.01
[2015.11.05-01.21.13:805][  0]LogInit: Build Configuration: Development
[2015.11.05-01.21.13:805][  0]LogInit: Branch Name: ++depot+UE4-Releases+4.9
[2015.11.05-01.21.13:805][  0]LogInit: Command line: 
[2015.11.05-01.21.13:805][  0]LogInit: Base directory: C:/Program Files/Epic Games/4.9/Engine/Binaries/Win64/
[2015.11.05-01.21.13:805][  0]LogInit: Rocket: 1
[2015.11.05-01.21.13:824][  0]LogInit: Using libcurl 7.41.0
[2015.11.05-01.21.13:824][  0]LogInit:  - built for x86_64-pc-win32
[2015.11.05-01.21.13:824][  0]LogInit:  - supports SSL with WinSSL
[2015.11.05-01.21.13:824][  0]LogInit:  - other features:
[2015.11.05-01.21.13:824][  0]LogInit:      CURL_VERSION_SSL
[2015.11.05-01.21.13:824][  0]LogInit:      CURL_VERSION_IPV6
[2015.11.05-01.21.13:824][  0]LogInit:      CURL_VERSION_ASYNCHDNS
[2015.11.05-01.21.13:824][  0]LogInit:      CURL_VERSION_LARGEFILE
[2015.11.05-01.21.13:824][  0]LogInit:      CURL_VERSION_IDN
[2015.11.05-01.21.13:824][  0]LogInit:  CurlRequestOptions (configurable via config and command line):
[2015.11.05-01.21.13:824][  0]LogInit:  - bVerifyPeer = true  - Libcurl will verify peer certificate
[2015.11.05-01.21.13:824][  0]LogInit:  - bUseHttpProxy = false  - Libcurl will NOT use HTTP proxy
[2015.11.05-01.21.13:824][  0]LogInit:  - bDontReuseConnections = false  - Libcurl will reuse connections
[2015.11.05-01.21.13:824][  0]LogInit:  - CertBundlePath = nullptr  - Libcurl will use whatever was configured at build time.
[2015.11.05-01.21.13:841][  0]LogInit: Presizing for 0 objects not considered by GC, pre-allocating 0 bytes.
[2015.11.05-01.21.13:858][  0]LogInit: Object subsystem initialized
[2015.11.05-01.21.13:874][  0]LogInit: Selected Device Profile: [Windows]
[2015.11.05-01.21.13:874][  0]LogInit: Applying CVar settings loaded from the selected device profile: [Windows]
[2015.11.05-01.21.13:890][  0]LogInit: Computer: MISSIONCTRL
[2015.11.05-01.21.13:890][  0]LogInit: User: Bryan
[2015.11.05-01.21.13:890][  0]LogInit: CPU Page size=4096, Cores=4
[2015.11.05-01.21.13:890][  0]LogInit: High frequency timer resolution =2.147734 MHz
[2015.11.05-01.21.13:890][  0]LogMemory: Memory total: Physical=8.0GB (8GB approx)
[2015.11.05-01.21.13:890][  0]LogMemory: Platform Memory Stats for Windows
[2015.11.05-01.21.13:890][  0]LogMemory: Process Physical Memory: 53.65 MB used, 53.65 MB peak
[2015.11.05-01.21.13:890][  0]LogMemory: Process Virtual Memory: 56.50 MB used, 56.50 MB peak
[2015.11.05-01.21.13:890][  0]LogMemory: Physical Memory: 6646.42 MB used, 8191.18 MB total
[2015.11.05-01.21.13:890][  0]LogMemory: Virtual Memory: 339.59 MB used, 8388608.00 MB total
[2015.11.05-01.21.14:037][  0]LogTextLocalizationManager: No specific translations for ('en-US') exist, so ('en') translations will be used.
[2015.11.05-01.21.15:835][  0]LogD3D11RHI: Found D3D11 adapter 0: NVIDIA GeForce GT 640  (Feature Level 11_0)
[2015.11.05-01.21.15:835][  0]LogD3D11RHI: Adapter has 1990MB of dedicated video memory, 0MB of dedicated system memory, and 2048MB of shared system memory, 2 output[s]
[2015.11.05-01.21.15:835][  0]LogD3D11RHI: Chosen D3D11 Adapter Id = 0
[2015.11.05-01.21.15:853][  0]LogD3D11RHI: !Direct3DDevice
[2015.11.05-01.21.15:853][  0]LogRHI: Texture pool is 1361 MB (70% of 1945 MB)
[2015.11.05-01.21.15:877][  0]LogD3D11RHI: Async texture creation enabled
[2015.11.05-01.21.15:898][  0]LogShaderCompilers: Guid format shader working directory is 14 characters bigger than the processId version (D:/IdeaMachine/ProjectOne/ProjectOne/Intermediate/Shaders/WorkingDirectory/28704/).
[2015.11.05-01.21.15:899][  0]LogShaderCompilers: Cleaned the shader compiler working directory 'D:/IdeaMachine/ProjectOne/ProjectOne/Intermediate/Shaders/tmp/D39E5D9745FAC2AA7761628F54D6D143/'.
[2015.11.05-01.21.15:899][  0]LogShaderCompilers:Display: Using Local Shader Compiler.
[2015.11.05-01.21.19:540][  0]LogTemp:Display: Loaded TP AllDesktopTargetPlatform
[2015.11.05-01.21.19:555][  0]LogTemp:Display: Loaded TP WindowsClientTargetPlatform
[2015.11.05-01.21.19:569][  0]LogTemp:Display: Loaded TP WindowsNoEditorTargetPlatform
[2015.11.05-01.21.19:586][  0]LogTemp:Display: Loaded TP WindowsServerTargetPlatform
[2015.11.05-01.21.19:601][  0]LogTemp:Display: Loaded TP WindowsTargetPlatform
[2015.11.05-01.21.19:611][  0]LogTemp:Display: Loaded TP AndroidTargetPlatform
[2015.11.05-01.21.19:622][  0]LogTemp:Display: Loaded TP Android_ASTCTargetPlatform
[2015.11.05-01.21.19:632][  0]LogTemp:Display: Loaded TP Android_ATCTargetPlatform
[2015.11.05-01.21.19:642][  0]LogTemp:Display: Loaded TP Android_DXTTargetPlatform
[2015.11.05-01.21.19:652][  0]LogTemp:Display: Loaded TP Android_ETC1TargetPlatform
[2015.11.05-01.21.19:664][  0]LogTemp:Display: Loaded TP Android_ETC2TargetPlatform
[2015.11.05-01.21.19:679][  0]LogTemp:Display: Loaded TP Android_PVRTCTargetPlatform
[2015.11.05-01.21.19:681][  0]LogTemp:Display: Loaded TP HTML5TargetPlatform
[2015.11.05-01.21.19:710][  0]LogTemp:Display: Loaded TP IOSTargetPlatform
[2015.11.05-01.21.19:720][  0]LogTemp:Display: Loaded TP LinuxNoEditorTargetPlatform
[2015.11.05-01.21.19:730][  0]LogTemp:Display: Loaded TP LinuxServerTargetPlatform
[2015.11.05-01.21.19:744][  0]LogTemp:Display: Loaded TP LinuxTargetPlatform
[2015.11.05-01.21.19:744][  0]LogTargetPlatformManager:Display: Building Assets For Windows
[2015.11.05-01.21.20:170][  0]LogDerivedDataCache:Display: Max Cache Size: 512 MB
[2015.11.05-01.21.20:383][  0]LogDerivedDataCache: Loaded boot cache 0.21s 41MB C:/Users/Bryan/AppData/Local/UnrealEngine/4.9/DerivedDataCache/Boot.ddc.
[2015.11.05-01.21.20:383][  0]LogDerivedDataCache:Display: Loaded Boot cache: C:/Users/Bryan/AppData/Local/UnrealEngine/4.9/DerivedDataCache/Boot.ddc
[2015.11.05-01.21.20:383][  0]LogDerivedDataCache: FDerivedDataBackendGraph:  Pak pak cache file D:/IdeaMachine/ProjectOne/ProjectOne/DerivedDataCache/DDC.ddp not found, will not use a pak cache.
[2015.11.05-01.21.20:384][  0]LogDerivedDataCache: Unable to find inner node Pak for hierarchical cache Hierarchy.
[2015.11.05-01.21.20:384][  0]LogDerivedDataCache: FDerivedDataBackendGraph:  CompressedPak pak cache file D:/IdeaMachine/ProjectOne/ProjectOne/DerivedDataCache/Compressed.ddp not found, will not use a pak cache.
[2015.11.05-01.21.20:384][  0]LogDerivedDataCache: Unable to find inner node CompressedPak for hierarchical cache Hierarchy.
[2015.11.05-01.21.20:744][  0]LogDerivedDataCache:Display: Pak cache opened for reading ../../../Engine/DerivedDataCache/Compressed.ddp.
[2015.11.05-01.21.20:757][  0]LogDerivedDataCache: Using Local data cache path C:/Users/Bryan/AppData/Local/UnrealEngine/Common/DerivedDataCache: Writable
[2015.11.05-01.21.21:302][  0]LogInit: Selected Device Profile: [Windows]
[2015.11.05-01.21.21:303][  0]LogContentStreaming: Texture pool size is 0.000000MB
[2015.11.05-01.21.21:379][  0]LogMeshUtilities: No automatic mesh reduction module available
[2015.11.05-01.21.21:379][  0]LogMeshUtilities: No automatic mesh merging module available
[2015.11.05-01.21.22:589][  0]LogInit: WinSock: version 1.1 (2.2), MaxSocks=32767, MaxUdp=65467
[2015.11.05-01.21.24:621][  0]LogAssetRegistry: FAssetRegistry took 0.0104 seconds to start up
[2015.11.05-01.21.24:974][  0]UdpMessaging: Initializing bridge on interface 0.0.0.0:0 to multicast group 230.0.0.1:6666.
[2015.11.05-01.21.25:590][  0]SourceControl: Info Source control is disabled
[2015.11.05-01.21.25:630][  0]SourceControl: Info Source control is disabled
[2015.11.05-01.21.25:677][  0]SourceControl: Info Source control is disabled
[2015.11.05-01.21.25:722][  0]SourceControl: Info Source control is disabled
[2015.11.05-01.21.26:267][  0]LogLinker:Warning: Asset '../../../Engine/Plugins/Runtime/LeapMotionController/Content/LM_PassthroughMaterial.uasset' has been saved with empty engine version. The asset will be loaded but may be incompatible.
[2015.11.05-01.21.26:611][  0]LogObj: 28528 objects as part of root set at end of initial load.
[2015.11.05-01.21.26:611][  0]LogUObjectAllocator: 6068456 out of 0 bytes used by permanent object pool.
[2015.11.05-01.21.26:741][  0]LogEngine: Initializing Engine...
[2015.11.05-01.21.26:761][  0]LogHMD: Can't find Oculus library dev build: is proper Runtime installed? Version: 0.7.0.0
[2015.11.05-01.21.26:763][  0]LogHMD: SteamVR failed to initialize.  Err: 100
[2015.11.05-01.21.27:131][  0]LogAIModule: Creating AISystem for world NewWorld
[2015.11.05-01.21.27:151][  0]LogInit: XAudio2 using 'Speakers (Logitech G930 Gaming Headset)' : 2 channels at 44.1 kHz using 16 bits per sample (channel mask 0x3)
[2015.11.05-01.21.27:190][  0]LogInit: FAudioDevice initialized.
[2015.11.05-01.21.27:250][  0]LogDerivedDataCache: Saved boot cache 0.06s 41MB C:/Users/Bryan/AppData/Local/UnrealEngine/4.9/DerivedDataCache/Boot.ddc.
[2015.11.05-01.21.27:271][  0]LogInit: Texture streaming: Enabled
[2015.11.05-01.21.27:285][  0]LogAnalytics: Creating configured Analytics provider AnalyticsET
[2015.11.05-01.21.27:286][  0]LogAnalytics: [UEEditor.Rocket.Release] APIServer = http://et2.epicgames.com/ET2/. AppVersion = 4.9.2-2707645+++depot+UE4-Releases+4.9
[2015.11.05-01.21.27:286][  0]LogAnalytics: [UEEditor.Rocket.Release] SetUserId 427db6e940bd327302b644aef6ac43fc|7bb0a716b49c4b3090c3d3fe9a282bfd|370090de-926f-4e55-9f68-122fa159b300
[2015.11.05-01.21.27:286][  0]LogAnalytics: [UEEditor.Rocket.Release] AnalyticsET::StartSession
[2015.11.05-01.21.27:349][  0]LogInit: Transaction tracking system initialized
[2015.11.05-01.21.27:447][  0]BlueprintLog: New page: Editor Load
[2015.11.05-01.21.30:011][  0]LocalizationService: Info Localization service is disabled
[2015.11.05-01.21.30:495][  0]LogConsoleResponse:Display: 
[2015.11.05-01.21.30:774][  0]LogCook:Display: Done creating registry. It took  0.00s.
[2015.11.05-01.21.30:863][  0]LogFileCache: Scanning file cache for directory 'D:/IdeaMachine/ProjectOne/ProjectOne/Content/' took 0.01s
[2015.11.05-01.21.30:973][  0]SourceControl: Info Source control is disabled
[2015.11.05-01.21.30:974][  0]Cmd: MAP LOAD FILE="D:/IdeaMachine/ProjectOne/ProjectOne/Content/TopDownBP/Maps/TopDownExampleMap.umap" TEMPLATE=0 SHOWPROGRESS=1 FEATURELEVEL=3
[2015.11.05-01.21.30:975][  0]LightingResults: New page: Lighting Build
[2015.11.05-01.21.30:982][  0]MapCheck: New page: Map Check
[2015.11.05-01.21.30:982][  0]LightingResults: New page: Lighting Build
[2015.11.05-01.21.31:010][  0]LogParticles: Destroying 0 GPU particle simulations for FXSystem 0x00000000206484A0
[2015.11.05-01.21.31:018][  0]LogLinker:Warning: Asset 'D:/IdeaMachine/ProjectOne/ProjectOne/Content/Mannequin/Animations/ThirdPerson_AnimBP.uasset' has been saved with empty engine version. The asset will be loaded but may be incompatible.
[2015.11.05-01.21.31:021][  0]LogLinker:Warning: Asset 'D:/IdeaMachine/ProjectOne/ProjectOne/Content/Mannequin/Animations/ThirdPerson_Jump.uasset' has been saved with empty engine version. The asset will be loaded but may be incompatible.
[2015.11.05-01.21.31:025][  0]LogLinker:Warning: Asset 'D:/IdeaMachine/ProjectOne/ProjectOne/Content/Mannequin/Animations/ThirdPersonJump_Loop.uasset' has been saved with empty engine version. The asset will be loaded but may be incompatible.
[2015.11.05-01.21.31:029][  0]LogLinker:Warning: Asset 'D:/IdeaMachine/ProjectOne/ProjectOne/Content/Mannequin/Animations/ThirdPersonJump_Start.uasset' has been saved with empty engine version. The asset will be loaded but may be incompatible.
[2015.