[2015.11.14-04.15.06:495][  0]Log file open, 11/13/15 20:15:06
[2015.11.14-04.15.06:495][  0]LogInit:Display: Running engine for game: ProjectOne
[2015.11.14-04.15.06:495][  0]LogInit:Display: RandInit(-1676461057) SRandInit(-1676461056).
[2015.11.14-04.15.06:495][  0]LogTaskGraph: Started task graph with 4 named threads and 7 total threads.
[2015.11.14-04.15.06:495][  0]LogStats: Stats thread started at 0.204582
[2015.11.14-04.15.06:495][  0]LogExit: Preparing to exit.
[2015.11.14-04.15.06:497][  0]LogModuleManager: Shutting down and abandoning module TextureCompressor (14)
[2015.11.14-04.15.06:498][  0]LogModuleManager: Shutting down and abandoning module ShaderCore (13)
[2015.11.14-04.15.06:498][  0]LogModuleManager: Shutting down and abandoning module Landscape (12)
[2015.11.14-04.15.06:498][  0]LogModuleManager: Shutting down and abandoning module SlateRHIRenderer (11)
[2015.11.14-04.15.06:498][  0]LogModuleManager: Shutting down and abandoning module OpenGLDrv (10)
[2015.11.14-04.15.06:498][  0]LogModuleManager: Shutting down and abandoning module D3D11RHI (9)
[2015.11.14-04.15.06:498][  0]LogModuleManager: Shutting down and abandoning module AnimGraphRuntime (8)
[2015.11.14-04.15.06:498][  0]LogModuleManager: Shutting down and abandoning module Renderer (7)
[2015.11.14-04.15.06:498][  0]LogModuleManager: Shutting down and abandoning module Engine (6)
[2015.11.14-04.15.06:498][  0]LogModuleManager: Shutting down and abandoning module CoreUObject (5)
[2015.11.14-04.15.06:498][  0]LogModuleManager: Shutting down and abandoning module NetworkFile (4)
[2015.11.14-04.15.06:498][  0]LogModuleManager: Shutting down and abandoning module StreamingFile (3)
[2015.11.14-04.15.06:498][  0]LogModuleManager: Shutting down and abandoning module SandboxFile (2)
[2015.11.14-04.15.06:498][  0]LogModuleManager: Shutting down and abandoning module PakFile (1)
[2015.11.14-04.15.06:500][  0]LogExit: Exiting.
[2015.11.14-04.15.06:502][  0]Log file closed, 11/13/15 20:15:06
