[2015.11.06-03.56.53:763][  0]Log file open, 11/05/15 19:56:53
[2015.11.06-03.56.53:763][  0]LogInit:Display: Running engine for game: ProjectOne
[2015.11.06-03.56.53:763][  0]LogInit:Display: RandInit(-1069515059) SRandInit(-1069515059).
[2015.11.06-03.56.53:763][  0]LogTaskGraph: Started task graph with 4 named threads and 7 total threads.
[2015.11.06-03.56.53:763][  0]LogStats: Stats thread started at 0.165739
[2015.11.06-03.56.53:763][  0]LogInit: Version: 4.9.2-2707645+++depot+UE4-Releases+4.9
[2015.11.06-03.56.53:763][  0]LogInit: API Version: 2672455
[2015.11.06-03.56.53:763][  0]LogInit: Compiled (64-bit): Sep 28 2015 10:25:44
[2015.11.06-03.56.53:763][  0]LogInit: Compiled with Visual C++: 18.00.21005.01
[2015.11.06-03.56.53:763][  0]LogInit: Build Configuration: Development
[2015.11.06-03.56.53:763][  0]LogInit: Branch Name: ++depot+UE4-Releases+4.9
[2015.11.06-03.56.53:763][  0]LogInit: Command line:  
[2015.11.06-03.56.53:763][  0]LogInit: Base directory: C:/Program Files/Epic Games/4.9/Engine/Binaries/Win64/
[2015.11.06-03.56.53:763][  0]LogInit: Rocket: 1
[2015.11.06-03.56.53:786][  0]LogInit: Using libcurl 7.41.0
[2015.11.06-03.56.53:786][  0]LogInit:  - built for x86_64-pc-win32
[2015.11.06-03.56.53:786][  0]LogInit:  - supports SSL with WinSSL
[2015.11.06-03.56.53:786][  0]LogInit:  - other features:
[2015.11.06-03.56.53:786][  0]LogInit:      CURL_VERSION_SSL
[2015.11.06-03.56.53:786][  0]LogInit:      CURL_VERSION_IPV6
[2015.11.06-03.56.53:786][  0]LogInit:      CURL_VERSION_ASYNCHDNS
[2015.11.06-03.56.53:786][  0]LogInit:      CURL_VERSION_LARGEFILE
[2015.11.06-03.56.53:786][  0]LogInit:      CURL_VERSION_IDN
[2015.11.06-03.56.53:786][  0]LogInit:  CurlRequestOptions (configurable via config and command line):
[2015.11.06-03.56.53:786][  0]LogInit:  - bVerifyPeer = true  - Libcurl will verify peer certificate
[2015.11.06-03.56.53:786][  0]LogInit:  - bUseHttpProxy = false  - Libcurl will NOT use HTTP proxy
[2015.11.06-03.56.53:786][  0]LogInit:  - bDontReuseConnections = false  - Libcurl will reuse connections
[2015.11.06-03.56.53:786][  0]LogInit:  - CertBundlePath = nullptr  - Libcurl will use whatever was configured at build time.
[2015.11.06-03.56.53:809][  0]LogInit: Presizing for 0 objects not considered by GC, pre-allocating 0 bytes.
[2015.11.06-03.56.53:828][  0]LogInit: Object subsystem initialized
[2015.11.06-03.56.53:832][  0]LogInit: Selected Device Profile: [Windows]
[2015.11.06-03.56.53:832][  0]LogInit: Applying CVar settings loaded from the selected device profile: [Windows]
[2015.11.06-03.56.53:856][  0]LogInit: Computer: MISSIONCTRL
[2015.11.06-03.56.53:856][  0]LogInit: User: Bryan
[2015.11.06-03.56.53:856][  0]LogInit: CPU Page size=4096, Cores=4
[2015.11.06-03.56.53:856][  0]LogInit: High frequency timer resolution =2.147734 MHz
[2015.11.06-03.56.53:856][  0]LogMemory: Memory total: Physical=8.0GB (8GB approx)
[2015.11.06-03.56.53:856][  0]LogMemory: Platform Memory Stats for Windows
[2015.11.06-03.56.53:856][  0]LogMemory: Process Physical Memory: 54.30 MB used, 54.30 MB peak
[2015.11.06-03.56.53:856][  0]LogMemory: Process Virtual Memory: 58.34 MB used, 58.34 MB peak
[2015.11.06-03.56.53:856][  0]LogMemory: Physical Memory: 5399.16 MB used, 8191.18 MB total
[2015.11.06-03.56.53:856][  0]LogMemory: Virtual Memory: 339.82 MB used, 8388608.00 MB total
[2015.11.06-03.56.53:982][  0]LogTextLocalizationManager: No specific translations for ('en-US') exist, so ('en') translations will be used.
[2015.11.06-03.56.55:949][  0]LogD3D11RHI: Found D3D11 adapter 0: NVIDIA GeForce GT 640  (Feature Level 11_0)
[2015.11.06-03.56.55:949][  0]LogD3D11RHI: Adapter has 1990MB of dedicated video memory, 0MB of dedicated system memory, and 2048MB of shared system memory, 2 output[s]
[2015.11.06-03.56.55:949][  0]LogD3D11RHI: Chosen D3D11 Adapter Id = 0
[2015.11.06-03.56.55:974][  0]LogD3D11RHI: !Direct3DDevice
[2015.11.06-03.56.55:974][  0]LogRHI: Texture pool is 1361 MB (70% of 1945 MB)
[2015.11.06-03.56.56:035][  0]LogD3D11RHI: Async texture creation enabled
[2015.11.06-03.56.56:067][  0]LogShaderCompilers: Guid format shader working directory is 14 characters bigger than the processId version (D:/IdeaMachine/ProjectOne/ProjectOne/Intermediate/Shaders/WorkingDirectory/15228/).
[2015.11.06-03.56.56:068][  0]LogShaderCompilers: Cleaned the shader compiler working directory 'D:/IdeaMachine/ProjectOne/ProjectOne/Intermediate/Shaders/tmp/124C308248C7DCA993173E9EB9DF7437/'.
[2015.11.06-03.56.56:068][  0]LogShaderCompilers:Display: Using Local Shader Compiler.
[2015.11.06-03.56.59:461][  0]LogTemp:Display: Loaded TP AllDesktopTargetPlatform
[2015.11.06-03.56.59:479][  0]LogTemp:Display: Loaded TP WindowsClientTargetPlatform
[2015.11.06-03.56.59:493][  0]LogTemp:Display: Loaded TP WindowsNoEditorTargetPlatform
[2015.11.06-03.56.59:509][  0]LogTemp:Display: Loaded TP WindowsServerTargetPlatform
[2015.11.06-03.56.59:523][  0]LogTemp:Display: Loaded TP WindowsTargetPlatform
[2015.11.06-03.56.59:534][  0]LogTemp:Display: Loaded TP AndroidTargetPlatform
[2015.11.06-03.56.59:546][  0]LogTemp:Display: Loaded TP Android_ASTCTargetPlatform
[2015.11.06-03.56.59:555][  0]LogTemp:Display: Loaded TP Android_ATCTargetPlatform
[2015.11.06-03.56.59:565][  0]LogTemp:Display: Loaded TP Android_DXTTargetPlatform
[2015.11.06-03.56.59:577][  0]LogTemp:Display: Loaded TP Android_ETC1TargetPlatform
[2015.11.06-03.56.59:588][  0]LogTemp:Display: Loaded TP Android_ETC2TargetPlatform
[2015.11.06-03.56.59:597][  0]LogTemp:Display: Loaded TP Android_PVRTCTargetPlatform
[2015.11.06-03.56.59:600][  0]LogTemp:Display: Loaded TP HTML5TargetPlatform
[2015.11.06-03.56.59:628][  0]LogTemp:Display: Loaded TP IOSTargetPlatform
[2015.11.06-03.56.59:638][  0]LogTemp:Display: Loaded TP LinuxNoEditorTargetPlatform
[2015.11.06-03.56.59:647][  0]LogTemp:Display: Loaded TP LinuxServerTargetPlatform
[2015.11.06-03.56.59:658][  0]LogTemp:Display: Loaded TP LinuxTargetPlatform
[2015.11.06-03.56.59:658][  0]LogTargetPlatformManager:Display: Building Assets For Windows
[2015.11.06-03.56.59:909][  0]LogDerivedDataCache:Display: Max Cache Size: 512 MB
[2015.11.06-03.57.00:121][  0]LogDerivedDataCache: Loaded boot cache 0.21s 41MB C:/Users/Bryan/AppData/Local/UnrealEngine/4.9/DerivedDataCache/Boot.ddc.
[2015.11.06-03.57.00:121][  0]LogDerivedDataCache:Display: Loaded Boot cache: C:/Users/Bryan/AppData/Local/UnrealEngine/4.9/DerivedDataCache/Boot.ddc
[2015.11.06-03.57.00:122][  0]LogDerivedDataCache: FDerivedDataBackendGraph:  Pak pak cache file D:/IdeaMachine/ProjectOne/ProjectOne/DerivedDataCache/DDC.ddp not found, will not use a pak cache.
[2015.11.06-03.57.00:122][  0]LogDerivedDataCache: Unable to find inner node Pak for hierarchical cache Hierarchy.
[2015.11.06-03.57.00:122][  0]LogDerivedDataCache: FDerivedDataBackendGraph:  CompressedPak pak cache file D:/IdeaMachine/ProjectOne/ProjectOne/DerivedDataCache/Compressed.ddp not found, will not use a pak cache.
[2015.11.06-03.57.00:122][  0]LogDerivedDataCache: Unable to find inner node CompressedPak for hierarchical cache Hierarchy.
[2015.11.06-03.57.00:487][  0]LogDerivedDataCache:Display: Pak cache opened for reading ../../../Engine/DerivedDataCache/Compressed.ddp.
[2015.11.06-03.57.00:505][  0]LogDerivedDataCache: Using Local data cache path C:/Users/Bryan/AppData/Local/UnrealEngine/Common/DerivedDataCache: Writable
[2015.11.06-03.57.01:094][  0]LogInit: Selected Device Profile: [Windows]
[2015.11.06-03.57.01:096][  0]LogContentStreaming: Texture pool size is 0.000000MB
[2015.11.06-03.57.01:166][  0]LogMeshUtilities: No automatic mesh reduction module available
[2015.11.06-03.57.01:166][  0]LogMeshUtilities: No automatic mesh merging module available
[2015.11.06-03.57.02:209][  0]LogInit: WinSock: version 1.1 (2.2), MaxSocks=32767, MaxUdp=65467
[2015.11.06-03.57.04:167][  0]LogAssetRegistry: FAssetRegistry took 0.0109 seconds to start up
[2015.11.06-03.57.04:219][  0]UdpMessaging: Initializing bridge on interface 0.0.0.0:0 to multicast group 230.0.0.1:6666.
[2015.11.06-03.57.04:804][  0]SourceControl: Info Source control is disabled
[2015.11.06-03.57.04:826][  0]SourceControl: Info Source control is disabled
[2015.11.06-03.57.04:861][  0]SourceControl: Info Source control is disabled
[2015.11.06-03.57.04:897][  0]SourceControl: Info Source control is disabled
[2015.11.06-03.57.05:377][  0]LogLinker:Warning: Asset '../../../Engine/Plugins/Runtime/LeapMotionController/Content/LM_PassthroughMaterial.uasset' has been saved with empty engine version. The asset will be loaded but may be incompatible.
[2015.11.06-03.57.05:672][  0]LogObj: 28528 objects as part of root set at end of initial load.
[2015.11.06-03.57.05:672][  0]LogUObjectAllocator: 6068464 out of 0 bytes used by permanent object pool.
[2015.11.06-03.57.05:811][  0]LogEngine: Initializing Engine...
[2015.11.06-03.57.05:830][  0]LogHMD: Can't find Oculus library dev build: is proper Runtime installed? Version: 0.7.0.0
[2015.11.06-03.57.05:832][  0]LogHMD: SteamVR failed to initialize.  Err: 100
[2015.11.06-03.57.06:182][  0]LogAIModule: Creating AISystem for world NewWorld
[2015.11.06-03.57.06:200][  0]LogInit: XAudio2 using 'Speakers (Logitech G930 Gaming Headset)' : 2 channels at 44.1 kHz using 16 bits per sample (channel mask 0x3)
[2015.11.06-03.57.06:245][  0]LogInit: FAudioDevice initialized.
[2015.11.06-03.57.06:313][  0]LogDerivedDataCache: Saved boot cache 0.07s 41MB C:/Users/Bryan/AppData/Local/UnrealEngine/4.9/DerivedDataCache/Boot.ddc.
[2015.11.06-03.57.06:335][  0]LogInit: Texture streaming: Enabled
[2015.11.06-03.57.06:350][  0]LogAnalytics: Creating configured Analytics provider AnalyticsET
[2015.11.06-03.57.06:350][  0]LogAnalytics: [UEEditor.Rocket.Release] APIServer = http://et2.epicgames.com/ET2/. AppVersion = 4.9.2-2707645+++depot+UE4-Releases+4.9
[2015.11.06-03.57.06:350][  0]LogAnalytics: [UEEditor.Rocket.Release] SetUserId 427db6e940bd327302b644aef6ac43fc|7bb0a716b49c4b3090c3d3fe9a282bfd|370090de-926f-4e55-9f68-122fa159b300
[2015.11.06-03.57.06:350][  0]LogAnalytics: [UEEditor.Rocket.Release] AnalyticsET::StartSession
[2015.11.06-03.57.06:417][  0]LogInit: Transaction tracking system initialized
[2015.11.06-03.57.06:494][  0]BlueprintLog: New page: Editor Load
[2015.11.06-03.57.06:708][  0]LocalizationService: Info Localization service is disabled
[2015.11.06-03.57.07:191][  0]LogConsoleResponse:Display: 
[2015.11.06-03.57.07:463][  0]LogCook:Display: Done creating registry. It took  0.00s.
[2015.11.06-03.57.07:631][  0]LogFileCache: Scanning file cache for directory 'D:/IdeaMachine/ProjectOne/ProjectOne/Content/' took 0.02s
[2015.11.06-03.57.07:631][  0]SourceControl: Info Source control is disabled
[2015.11.06-03.57.07:631][  0]Cmd: MAP LOAD FILE="D:/IdeaMachine/ProjectOne/ProjectOne/Content/TopDownBP/Maps/TopDownExampleMap.umap" TEMPLATE=0 SHOWPROGRESS=1 FEATURELEVEL=3
[2015.11.06-03.57.07:632][  0]LightingResults: New page: Lighting Build
[2015.11.06-03.57.07:644][  0]MapCheck: New page: Map Check
[2015.11.06-03.57.07:644][  0]LightingResults: New page: Lighting Build
[2015.11.06-03.57.07:674][  0]LogParticles: Destroying 0 GPU particle simulations for FXSystem 0x0000000021F4BCE0
[2015.11.06-03.57.08:138][  0]LogLinker:Warning: Asset 'D:/IdeaMachine/ProjectOne/ProjectOne/Content/Mannequin/Animations/ThirdPerson_AnimBP.uasset' has been saved with empty engine version. The asset will be loaded but may be incompatible.
[2015.11.06-03.57.08:144][  0]LogLinker:Warning: Asset 'D:/IdeaMachine/ProjectOne/ProjectOne/Content/Mannequin/Animations/ThirdPerson_Jump.uasset' has been saved with empty engine version. The asset will be loaded but may be incompatible.
[2015.11.06-03.57.08:148][  0]LogLinker:Warning: Asset 'D:/IdeaMachine/ProjectOne/ProjectOne/Content/Mannequin/Animations/ThirdPersonJump_Loop.uasset' has been saved with empty engine version. The asset will be loaded but may be incompatible.
[2015.11.06-03.57.08:151][  0]LogLinker:Warning: Asset 'D:/IdeaMachine/ProjectOne/ProjectOne/Content/Mannequin/Animations/ThirdPersonJump_Start.uasset' has been saved with empty engine version. The asset will be loaded but may be incompatible.
[2015.11.06-03.57.08:154][  0]LogLinker:Warning: Asset 'D:/IdeaMachine/ProjectOne/ProjectOne/Content/Mannequin/Animations/ThirdPerson_IdleRun_2D.uasset' has been saved with empty engine version. The asset will be loaded but may be incompatible.
[2015.11.06-03.57.08:154][  0]LogLinker:Warning: Asset 'D:/IdeaMachine/ProjectOne/ProjectOne/Content/Mannequin/Animations/ThirdPersonIdle.uasset' has been saved with empty engine version. The asset will be loaded but may be incompatible.
[2015.11.06-03.57.08:158][  0]LogLinker:Warning: Asset 'D:/IdeaMachine/ProjectOne/ProjectOne/Content/Mannequin/Animations/ThirdPersonRun.uasset' has been saved with empty engine version. The asset will be loaded but may be incompatible.
[2015.11.06-03.57.08:160][  0]LogLinker:Warning: Asset 'D:/IdeaMachine/ProjectOne/ProjectOne/Content/Mannequin/Animations/ThirdPersonWalk.uasset' has been saved with empty engine version. The asset will be loaded but may be incompatible.
[2015.11.06-03.57.09:330][  0]LogAIModule: Creating AISystem for world TopDownExampleMap
[2015.11.06-03.57.09:345][  0]LogEditorServer: Finished looking for orphan Actors (0.000 secs)
[2015.11.06-03.57.09:349][  0]Cmd: MAP CHECKDEP NOCLEARLOG
[2015.11.06-03.57.09:523][  0]MapCheck: Info Map check complete: 0 Error(s), 0 Warning(s), took 174.676ms to complete.
[2015.11.06-03.57.09:523][  0]LogFileHelpers: Loading map 'TopDownExampleMap' took 1.894
[2015.11.06-03.57.09:804][  0]LogCollectionManager: Loaded 0 collections in 0.004963 seconds
[2015.11.06-03.57.09:864][  0]LogFileCache: Scanning file cache for directory 'D:/IdeaMachine/ProjectOne/ProjectOne/Saved/Collections/' took 0.02s
[2015.11.06-03.57.09:864][  0]LogFileCache: Scanning file cache for directory 'D:/IdeaMachine/ProjectOne/ProjectOne/Content/Developers/Bryan/Collections/' took 0.01s
[2015.11.06-03.57.09:864][  0]LogFileCache: Scanning file cache for directory 'D:/IdeaMachine/ProjectOne/ProjectOne/Content/Collections/' took 0.01s
[2015.11.06-03.57.09:864][  0]LogContentBrowser: Native class hierarchy populated in 0.0187 seconds. Added 1882 classes and 339 folders.
[2015.11.06-03.57.09:888][  0]LogCollectionManager: Rebuilt the GUID cache for 0 collections in 0.000004 seconds
[2015.11.06-03.57.09:907][  0]LogContentBrowser: Native class hierarchy updated for 'WidgetCarousel' in 0.0012 seconds. Added 0 classes and 0 folders.
[2015.11.06-03.57.10:069][  0]LogContentBrowser: Native class hierarchy updated for 'AddContentDialog' in 0.0014 seconds. Added 0 classes and 0 folders.
[2015.11.06-03.57.10:083][  0]LogContentBrowser: Native class hierarchy updated for 'SceneOutliner' in 0.0023 seconds. Added 1 classes and 2 folders.
[2015.11.06-03.57.10:261][  0]LogCrashTracker: Crashtracker disabled due to settings.
[2015.11.06-03.57.10:271][  0]LogUObjectGlobals:Warning: Failed to find object 'Class None.'
[2015.11.06-03.57.10:297][  0]LogLoad: Full Startup: 18.32 seconds (BP compile: 0.29 seconds)
[2015.11.06-03.57.10:812][  0]LogContentStreaming: Texture pool size now 400 MB
[2015.11.06-03.57.11:225][  0]LogRenderer: Reallocating scene render targets to support 1208x520 (Frame:2).
[2015.11.06-03.57.13:505][  6]LogAssetRegistry: Asset discovery search completed in 9.3440 seconds
[2015.11.06-03.57.13:506][  6]LogCollectionManager: Rebuilt the object cache for 0 collections in 0.000002 seconds (found 0 objects)
[2015.11.06-03.57.13:506][  6]LogCollectionManager: Fixed up redirectors for 0 collections in 0.000051 seconds (updated 0 objects)
[2015.11.06-03.57.22:960][114]LogLinker:Warning: Asset '../../../Engine/Content/ArtTools/RenderToTexture/Macros/RenderToTextureMacros.uasset' has been saved with empty engine version. The asset will be loaded but may be incompatible.
[2015.11.06-03.57.24:527][114]LogContentBrowser: Native class hierarchy updated for 'BlueprintGraph' in 0.0019 seconds. Added 107 classes and 0 folders.
[2015.11.06-03.57.53:388][337]BlueprintLog: New page: Compile MainCharacterUnique
[2015.11.06-03.57.53:582][337]LogActorComponent: UnregisterComponent: (/Engine/Transient.CharMoveComp) Not registered. Aborting.
[2015.11.06-03.57.53:739][337]BlueprintEditorCompileResults: Info [0061.76] Compile of MainCharacterUnique successful! [in 349 ms]
[2015.11.06-03.58.04:589][438]LogCrashTracker: 


[2015.11.06-03.58.04:589][438]LogWindows:Error: Windows GetLastError: The operation completed successfully. (0)
[2015.11.06-03.58.04:589][438]LogCrashTracker: 


[2015.11.06-03.58.04:589][438]LogWindows: === Critical error: ===
Fatal error: [File:D:\BuildFarm\buildmachine_++depot+UE4-Releases+4.9\Engine\Source\Runtime\RenderCore\Private\RenderingThread.cpp] [Line: 675] 
Rendering thread exception:
Fatal error!






[2015.11.06-03.58.05:084][438]LogExit: Executing StaticShutdownAfterError
[2015.11.06-03.58.05:143][438]LogPhysics:Warning: PHYSX: ..\..\PhysX\src\NpScene.cpp (2946) 8 : PxScene::unlockWrite() called without matching call to PxScene::lockWrite(), behaviour will be undefined.
[2015.11.06-03.58.05:144][438]LogPhysics:Warning: PHYSX: ..\..\PhysX\src\NpScene.cpp (2946) 8 : PxScene::unlockWrite() called without matching call to PxScene::lockWrite(), behaviour will be undefined.
[2015.11.06-03.58.05:145][438]LogPhysics:Warning: PHYSX: ..\..\PhysX\src\NpScene.cpp (2946) 8 : PxScene::unlockWrite() called without matching call to PxScene::lockWrite(), behaviour will be undefined.
[2015.11.06-03.58.05:145][438]LogPhysics:Warning: PHYSX: ..\..\PhysX\src\NpScene.cpp (2946) 8 : PxScene::unlockWrite() called without matching call to PxScene::lockWrite(), behaviour will be undefined.
[2015.11.06-03.58.05:146][438]LogPhysics:Warning: PHYSX: ..\..\PhysX\src\NpScene.cpp (2946) 8 : PxScene::unlockWrite() called without matching call to PxScene::lockWrite(), behaviour will be undefined.
[2015.11.06-03.58.05:146][438]LogPhysics:Warning: PHYSX: ..\..\PhysX\src\NpScene.cpp (2946) 8 : PxScene::unlockWrite() called without matching call to PxScene::lockWrite(), behaviour will be undefined.
[2015.11.06-03.58.05:147][438]LogWindows: FPlatformMisc::RequestExit(1)
[2015.11.06-03.58.05:147][438]Log file closed, 11/05/15 19:58:05
