[2015.11.06-03.54.38:838][  0]Log file open, 11/05/15 19:54:38
[2015.11.06-03.54.38:838][  0]LogInit:Display: Running engine for game: ProjectOne
[2015.11.06-03.54.38:838][  0]LogInit:Display: RandInit(-1360355772) SRandInit(-1360355771).
[2015.11.06-03.54.38:838][  0]LogTaskGraph: Started task graph with 4 named threads and 7 total threads.
[2015.11.06-03.54.38:838][  0]LogStats: Stats thread started at 0.784983
[2015.11.06-03.54.38:838][  0]LogInit: Version: 4.9.2-2707645+++depot+UE4-Releases+4.9
[2015.11.06-03.54.38:838][  0]LogInit: API Version: 2672455
[2015.11.06-03.54.38:838][  0]LogInit: Compiled (64-bit): Sep 28 2015 10:25:44
[2015.11.06-03.54.38:838][  0]LogInit: Compiled with Visual C++: 18.00.21005.01
[2015.11.06-03.54.38:838][  0]LogInit: Build Configuration: Development
[2015.11.06-03.54.38:838][  0]LogInit: Branch Name: ++depot+UE4-Releases+4.9
[2015.11.06-03.54.38:838][  0]LogInit: Command line:  
[2015.11.06-03.54.38:838][  0]LogInit: Base directory: C:/Program Files/Epic Games/4.9/Engine/Binaries/Win64/
[2015.11.06-03.54.38:838][  0]LogInit: Rocket: 1
[2015.11.06-03.54.38:894][  0]LogInit: Using libcurl 7.41.0
[2015.11.06-03.54.38:894][  0]LogInit:  - built for x86_64-pc-win32
[2015.11.06-03.54.38:895][  0]LogInit:  - supports SSL with WinSSL
[2015.11.06-03.54.38:895][  0]LogInit:  - other features:
[2015.11.06-03.54.38:895][  0]LogInit:      CURL_VERSION_SSL
[2015.11.06-03.54.38:895][  0]LogInit:      CURL_VERSION_IPV6
[2015.11.06-03.54.38:895][  0]LogInit:      CURL_VERSION_ASYNCHDNS
[2015.11.06-03.54.38:895][  0]LogInit:      CURL_VERSION_LARGEFILE
[2015.11.06-03.54.38:895][  0]LogInit:      CURL_VERSION_IDN
[2015.11.06-03.54.38:895][  0]LogInit:  CurlRequestOptions (configurable via config and command line):
[2015.11.06-03.54.38:895][  0]LogInit:  - bVerifyPeer = true  - Libcurl will verify peer certificate
[2015.11.06-03.54.38:895][  0]LogInit:  - bUseHttpProxy = false  - Libcurl will NOT use HTTP proxy
[2015.11.06-03.54.38:895][  0]LogInit:  - bDontReuseConnections = false  - Libcurl will reuse connections
[2015.11.06-03.54.38:895][  0]LogInit:  - CertBundlePath = nullptr  - Libcurl will use whatever was configured at build time.
[2015.11.06-03.54.38:967][  0]LogInit: Presizing for 0 objects not considered by GC, pre-allocating 0 bytes.
[2015.11.06-03.54.38:984][  0]LogInit: Object subsystem initialized
[2015.11.06-03.54.38:988][  0]LogInit: Selected Device Profile: [Windows]
[2015.11.06-03.54.38:988][  0]LogInit: Applying CVar settings loaded from the selected device profile: [Windows]
[2015.11.06-03.54.39:038][  0]LogInit: Computer: MISSIONCTRL
[2015.11.06-03.54.39:038][  0]LogInit: User: Bryan
[2015.11.06-03.54.39:038][  0]LogInit: CPU Page size=4096, Cores=4
[2015.11.06-03.54.39:038][  0]LogInit: High frequency timer resolution =2.147734 MHz
[2015.11.06-03.54.39:038][  0]LogMemory: Memory total: Physical=8.0GB (8GB approx)
[2015.11.06-03.54.39:038][  0]LogMemory: Platform Memory Stats for Windows
[2015.11.06-03.54.39:038][  0]LogMemory: Process Physical Memory: 54.39 MB used, 54.39 MB peak
[2015.11.06-03.54.39:038][  0]LogMemory: Process Virtual Memory: 56.39 MB used, 56.39 MB peak
[2015.11.06-03.54.39:038][  0]LogMemory: Physical Memory: 5568.75 MB used, 8191.18 MB total
[2015.11.06-03.54.39:038][  0]LogMemory: Virtual Memory: 337.88 MB used, 8388608.00 MB total
[2015.11.06-03.54.39:461][  0]LogTextLocalizationManager: No specific translations for ('en-US') exist, so ('en') translations will be used.
[2015.11.06-03.54.41:812][  0]LogD3D11RHI: Found D3D11 adapter 0: NVIDIA GeForce GT 640  (Feature Level 11_0)
[2015.11.06-03.54.41:812][  0]LogD3D11RHI: Adapter has 1990MB of dedicated video memory, 0MB of dedicated system memory, and 2048MB of shared system memory, 2 output[s]
[2015.11.06-03.54.41:812][  0]LogD3D11RHI: Chosen D3D11 Adapter Id = 0
[2015.11.06-03.54.41:839][  0]LogD3D11RHI: !Direct3DDevice
[2015.11.06-03.54.41:840][  0]LogRHI: Texture pool is 1361 MB (70% of 1945 MB)
[2015.11.06-03.54.41:867][  0]LogD3D11RHI: Async texture creation enabled
[2015.11.06-03.54.41:891][  0]LogShaderCompilers: Guid format shader working directory is 14 characters bigger than the processId version (D:/IdeaMachine/ProjectOne/ProjectOne/Intermediate/Shaders/WorkingDirectory/15040/).
[2015.11.06-03.54.41:891][  0]LogShaderCompilers: Cleaned the shader compiler working directory 'D:/IdeaMachine/ProjectOne/ProjectOne/Intermediate/Shaders/tmp/55CA1DE44760599C9D869EAA1C9FE226/'.
[2015.11.06-03.54.41:891][  0]LogShaderCompilers:Display: Using Local Shader Compiler.
[2015.11.06-03.54.49:341][  0]LogTemp:Display: Loaded TP AllDesktopTargetPlatform
[2015.11.06-03.54.49:360][  0]LogTemp:Display: Loaded TP WindowsClientTargetPlatform
[2015.11.06-03.54.49:375][  0]LogTemp:Display: Loaded TP WindowsNoEditorTargetPlatform
[2015.11.06-03.54.49:392][  0]LogTemp:Display: Loaded TP WindowsServerTargetPlatform
[2015.11.06-03.54.49:406][  0]LogTemp:Display: Loaded TP WindowsTargetPlatform
[2015.11.06-03.54.49:442][  0]LogTemp:Display: Loaded TP AndroidTargetPlatform
[2015.11.06-03.54.49:464][  0]LogTemp:Display: Loaded TP Android_ASTCTargetPlatform
[2015.11.06-03.54.49:673][  0]LogTemp:Display: Loaded TP Android_ATCTargetPlatform
[2015.11.06-03.54.49:696][  0]LogTemp:Display: Loaded TP Android_DXTTargetPlatform
[2015.11.06-03.54.49:710][  0]LogTemp:Display: Loaded TP Android_ETC1TargetPlatform
[2015.11.06-03.54.49:728][  0]LogTemp:Display: Loaded TP Android_ETC2TargetPlatform
[2015.11.06-03.54.49:738][  0]LogTemp:Display: Loaded TP Android_PVRTCTargetPlatform
[2015.11.06-03.54.49:753][  0]LogTemp:Display: Loaded TP HTML5TargetPlatform
[2015.11.06-03.54.49:820][  0]LogTemp:Display: Loaded TP IOSTargetPlatform
[2015.11.06-03.54.49:830][  0]LogTemp:Display: Loaded TP LinuxNoEditorTargetPlatform
[2015.11.06-03.54.49:859][  0]LogTemp:Display: Loaded TP LinuxServerTargetPlatform
[2015.11.06-03.54.49:880][  0]LogTemp:Display: Loaded TP LinuxTargetPlatform
[2015.11.06-03.54.49:880][  0]LogTargetPlatformManager:Display: Building Assets For Windows
[2015.11.06-03.54.50:500][  0]LogDerivedDataCache:Display: Max Cache Size: 512 MB
[2015.11.06-03.54.51:127][  0]LogDerivedDataCache: Loaded boot cache 0.63s 41MB C:/Users/Bryan/AppData/Local/UnrealEngine/4.9/DerivedDataCache/Boot.ddc.
[2015.11.06-03.54.51:127][  0]LogDerivedDataCache:Display: Loaded Boot cache: C:/Users/Bryan/AppData/Local/UnrealEngine/4.9/DerivedDataCache/Boot.ddc
[2015.11.06-03.54.51:127][  0]LogDerivedDataCache: FDerivedDataBackendGraph:  Pak pak cache file D:/IdeaMachine/ProjectOne/ProjectOne/DerivedDataCache/DDC.ddp not found, will not use a pak cache.
[2015.11.06-03.54.51:127][  0]LogDerivedDataCache: Unable to find inner node Pak for hierarchical cache Hierarchy.
[2015.11.06-03.54.51:127][  0]LogDerivedDataCache: FDerivedDataBackendGraph:  CompressedPak pak cache file D:/IdeaMachine/ProjectOne/ProjectOne/DerivedDataCache/Compressed.ddp not found, will not use a pak cache.
[2015.11.06-03.54.51:127][  0]LogDerivedDataCache: Unable to find inner node CompressedPak for hierarchical cache Hierarchy.
[2015.11.06-03.54.51:530][  0]LogDerivedDataCache:Display: Pak cache opened for reading ../../../Engine/DerivedDataCache/Compressed.ddp.
[2015.11.06-03.54.51:542][  0]LogDerivedDataCache: Using Local data cache path C:/Users/Bryan/AppData/Local/UnrealEngine/Common/DerivedDataCache: Writable
[2015.11.06-03.54.55:893][  0]LogInit: Selected Device Profile: [Windows]
[2015.11.06-03.54.55:894][  0]LogContentStreaming: Texture pool size is 0.000000MB
[2015.11.06-03.54.55:986][  0]LogMeshUtilities: No automatic mesh reduction module available
[2015.11.06-03.54.55:986][  0]LogMeshUtilities: No automatic mesh merging module available
[2015.11.06-03.54.57:303][  0]LogInit: WinSock: version 1.1 (2.2), MaxSocks=32767, MaxUdp=65467
[2015.11.06-03.55.19:722][  0]LogAssetRegistry: FAssetRegistry took 0.0106 seconds to start up
[2015.11.06-03.55.19:830][  0]UdpMessaging: Initializing bridge on interface 0.0.0.0:0 to multicast group 230.0.0.1:6666.
[2015.11.06-03.55.21:206][  0]SourceControl: Info Source control is disabled
[2015.11.06-03.55.21:244][  0]SourceControl: Info Source control is disabled
[2015.11.06-03.55.21:320][  0]SourceControl: Info Source control is disabled
[2015.11.06-03.55.21:419][  0]SourceControl: Info Source control is disabled
[2015.11.06-03.55.22:853][  0]LogLinker:Warning: Asset '../../../Engine/Plugins/Runtime/LeapMotionController/Content/LM_PassthroughMaterial.uasset' has been saved with empty engine version. The asset will be loaded but may be incompatible.
[2015.11.06-03.55.23:317][  0]LogObj: 28528 objects as part of root set at end of initial load.
[2015.11.06-03.55.23:317][  0]LogUObjectAllocator: 6068464 out of 0 bytes used by permanent object pool.
[2015.11.06-03.55.23:557][  0]LogEngine: Initializing Engine...
[2015.11.06-03.55.23:617][  0]LogHMD: Can't find Oculus library dev build: is proper Runtime installed? Version: 0.7.0.0
[2015.11.06-03.55.23:652][  0]LogHMD: SteamVR failed to initialize.  Err: 100
[2015.11.06-03.55.24:062][  0]LogAIModule: Creating AISystem for world NewWorld
[2015.11.06-03.55.24:101][  0]LogInit: XAudio2 using 'Speakers (Logitech G930 Gaming Headset)' : 2 channels at 44.1 kHz using 16 bits per sample (channel mask 0x3)
[2015.11.06-03.55.24:148][  0]LogInit: FAudioDevice initialized.
[2015.11.06-03.55.24:241][  0]LogDerivedDataCache: Saved boot cache 0.09s 41MB C:/Users/Bryan/AppData/Local/UnrealEngine/4.9/DerivedDataCache/Boot.ddc.
[2015.11.06-03.55.24:267][  0]LogInit: Texture streaming: Enabled
[2015.11.06-03.55.24:288][  0]LogAnalytics: Creating configured Analytics provider AnalyticsET
[2015.11.06-03.55.24:288][  0]LogAnalytics: [UEEditor.Rocket.Release] APIServer = http://et2.epicgames.com/ET2/. AppVersion = 4.9.2-2707645+++depot+UE4-Releases+4.9
[2015.11.06-03.55.24:288][  0]LogAnalytics: [UEEditor.Rocket.Release] SetUserId 427db6e940bd327302b644aef6ac43fc|7bb0a716b49c4b3090c3d3fe9a282bfd|370090de-926f-4e55-9f68-122fa159b300
[2015.11.06-03.55.24:289][  0]LogAnalytics: [UEEditor.Rocket.Release] AnalyticsET::StartSession
[2015.11.06-03.55.24:455][  0]LogInit: Transaction tracking system initialized
[2015.11.06-03.55.24:637][  0]BlueprintLog: New page: Editor Load
[2015.11.06-03.55.25:224][  0]LocalizationService: Info Localization service is disabled
[2015.11.06-03.55.26:181][  0]LogConsoleResponse:Display: 
[2015.11.06-03.55.27:158][  0]LogCook:Display: Done creating registry. It took  0.00s.
[2015.11.06-03.55.27:906][  0]LogFileCache: Scanning file cache for directory 'D:/IdeaMachine/ProjectOne/ProjectOne/Content/' took 0.01s
[2015.11.06-03.55.27:950][  0]SourceControl: Info Source control is disabled
[2015.11.06-03.55.27:951][  0]Cmd: MAP LOAD FILE="D:/IdeaMachine/ProjectOne/ProjectOne/Content/TopDownBP/Maps/TopDownExampleMap.umap" TEMPLATE=0 SHOWPROGRESS=1 FEATURELEVEL=3
[2015.11.06-03.55.27:952][  0]LightingResults: New page: Lighting Build
[2015.11.06-03.55.27:962][  0]MapCheck: New page: Map Check
[2015.11.06-03.55.27:962][  0]LightingResults: New page: Lighting Build
[2015.11.06-03.55.27:999][  0]LogParticles: Destroying 0 GPU particle simulations for FXSystem 0x0000000022D1FCE0
[2015.11.06-03.55.28:523][  0]LogLinker:Warning: Asset 'D:/IdeaMachine/ProjectOne/ProjectOne/Content/Mannequin/Animations/ThirdPerson_AnimBP.uasset' has been saved with empty engine version. The asset will be loaded but may be incompatible.
[2015.11.06-03.55.28:533][  0]LogLinker:Warning: Asset 'D:/IdeaMachine/ProjectOne/ProjectOne/Content/Mannequin/Animations/ThirdPerson_Jump.uasset' has been saved with empty engine version. The asset will be loaded but may be incompatible.
[2015.11.06-03.55.28:539][  0]LogLinker:Warning: Asset 'D:/IdeaMachine/ProjectOne/ProjectOne/Content/Mannequin/Animations/ThirdPersonJump_Loop.uasset' has been saved with empty engine version. The asset will be loaded but may be incompatible.
[2015.11.06-03.55.28:544][  0]LogLinker:Warning: Asset 'D:/IdeaMachine/ProjectOne/ProjectOne/Content/Mannequin/Animations/ThirdPersonJump_Start.uasset' has been saved with empty engine version. The asset will be loaded but may be incompatible.
[2015.11.06-03.55.28:546][  0]LogLinker:Warning: Asset 'D:/IdeaMachine/ProjectOne/ProjectOne/Content/Mannequin/Animations/ThirdPerson_IdleRun_2D.uasset' has been saved with empty engine version. The asset will be loaded but may be incompatible.
[2015.11.06-03.55.28:547][  0]LogLinker:Warning: Asset 'D:/IdeaMachine/ProjectOne/ProjectOne/Content/Mannequin/Animations/ThirdPersonIdle.uasset' has been saved with empty engine version. The asset will be loaded but may be incompatible.
[2015.11.06-03.55.28:552][  0]LogLinker:Warning: Asset 'D:/IdeaMachine/ProjectOne/ProjectOne/Content/Mannequin/Animations/ThirdPersonRun.uasset' has been saved with empty engine version. The asset will be loaded but may be incompatible.
[2015.11.06-03.55.28:554][  0]LogLinker:Warning: Asset 'D:/IdeaMachine/ProjectOne/ProjectOne/Content/Mannequin/Animations/ThirdPersonWalk.uasset' has been saved with empty engine version. The asset will be loaded but may be incompatible.
[2015.11.06-03.55.30:450][  0]LogAIModule: Creating AISystem for world TopDownExampleMap
[2015.11.06-03.55.30:483][  0]LogEditorServer: Finished looking for orphan Actors (0.000 secs)
[2015.11.06-03.55.30:484][  0]Cmd: MAP CHECKDEP NOCLEARLOG
[2015.11.06-03.55.30:733][  0]MapCheck: Info Map check complete: 0 Error(s), 0 Warning(s), took 247.841ms to complete.
[2015.11.06-03.55.30:734][  0]LogFileHelpers: Loading map 'TopDownExampleMap' took 2.780
[2015.11.06-03.55.31:128][  0]LogCollectionManager: Loaded 0 collections in 0.006324 seconds
[2015.11.06-03.55.31:195][  0]LogFileCache: Scanning file cache for directory 'D:/IdeaMachine/ProjectOne/ProjectOne/Saved/Collections/' took 0.01s
[2015.11.06-03.55.31:196][  0]LogFileCache: Scanning file cache for directory 'D:/IdeaMachine/ProjectOne/ProjectOne/Content/Developers/Bryan/Collections/' took 0.01s
[2015.11.06-03.55.31:196][  0]LogContentBrowser: Native class hierarchy populated in 0.0214 seconds. Added 1882 classes and 339 folders.
[2015.11.06-03.55.31:239][  0]LogFileCache: Scanning file cache for directory 'D:/IdeaMachine/ProjectOne/ProjectOne/Content/Collections/' took 0.05s
[2015.11.06-03.55.31:239][  0]LogCollectionManager: Rebuilt the GUID cache for 0 collections in 0.000004 seconds
[2015.11.06-03.55.31:262][  0]LogContentBrowser: Native class hierarchy updated for 'WidgetCarousel' in 0.0010 seconds. Added 0 classes and 0 folders.
[2015.11.06-03.55.32:921][  0]LogContentBrowser: Native class hierarchy updated for 'AddContentDialog' in 0.0021 seconds. Added 0 classes and 0 folders.
[2015.11.06-03.55.32:974][  0]LogContentBrowser: Native class hierarchy updated for 'SceneOutliner' in 0.0014 seconds. Added 1 classes and 2 folders.
[2015.11.06-03.55.33:359][  0]LogCrashTracker: Crashtracker disabled due to settings.
[2015.11.06-03.55.33:382][  0]LogUObjectGlobals:Warning: Failed to find object 'Class None.'
[2015.11.06-03.55.33:403][  0]LogLoad: Full Startup: 57.36 seconds (BP compile: 0.36 seconds)
[2015.11.06-03.55.34:056][  0]LogContentStreaming: Texture pool size now 400 MB
[2015.11.06-03.55.34:450][  0]LogRenderer: Reallocating scene render targets to support 1208x520 (Frame:2).
[2015.11.06-03.55.37:712][  8]LogAssetRegistry: Asset discovery search completed in 17.9907 seconds
[2015.11.06-03.55.37:712][  8]LogCollectionManager: Rebuilt the object cache for 0 collections in 0.000001 seconds (found 0 objects)
[2015.11.06-03.55.37:719][  8]LogCollectionManager: Fixed up redirectors for 0 collections in 0.000047 seconds (updated 0 objects)
[2015.11.06-03.56.14:784][390]LogBlueprintUserMessages: Early PlayInEditor Detection: Level '/Game/TopDownBP/Maps/TopDownExampleMap.TopDownExampleMap:PersistentLevel' has LevelScriptBlueprint '/Game/TopDownBP/Maps/TopDownExampleMap.TopDownExampleMap:PersistentLevel.TopDownExampleMap' with GeneratedClass '/Game/TopDownBP/Maps/TopDownExampleMap.TopDownExampleMap_C' with ClassGeneratedBy '/Game/TopDownBP/Maps/TopDownExampleMap.TopDownExampleMap:PersistentLevel.TopDownExampleMap'
[2015.11.06-03.56.14:784][390]LogPlayLevel: PlayLevel: No blueprints needed recompiling
[2015.11.06-03.56.14:785][390]PIE: New page: PIE session: TopDownExampleMap (Nov 5, 2015, 11:56:14 AM)
[2015.11.06-03.56.14:785][390]LogPlayLevel: Creating play world package: /Game/TopDownBP/Maps/UEDPIE_0_TopDownExampleMap
[2015.11.06-03.56.14:942][390]LogPlayLevel: PIE: StaticDuplicateObject took: (0.156084s)
[2015.11.06-03.56.14:944][390]LogAIModule: Creating AISystem for world TopDownExampleMap
[2015.11.06-03.56.14:944][390]LogPlayLevel: PIE: World Init took: (0.002605s)
[2015.11.06-03.56.14:945][390]LogPlayLevel: PIE: Created PIE world by copying editor world from /Game/TopDownBP/Maps/TopDownExampleMap.TopDownExampleMap to /Game/TopDownBP/Maps/UEDPIE_0_TopDownExampleMap.TopDownExampleMap (0.159426s)
[2015.11.06-03.56.15:054][390]LogInit: XAudio2 using 'Speakers (Logitech G930 Gaming Headset)' : 2 channels at 44.1 kHz using 16 bits per sample (channel mask 0x3)
[2015.11.06-03.56.15:145][390]LogInit: FAudioDevice initialized.
[2015.11.06-03.56.15:280][390]LogWorld: Game class is 'StoryGamemode_C'
[2015.11.06-03.56.15:296][390]LogWorld:Warning: *** WARNING - PATHS MAY NOT BE VALID ***
[2015.11.06-03.56.15:297][390]LogWorld: Bringing World /Game/TopDownBP/Maps/UEDPIE_0_TopDownExampleMap.TopDownExampleMap up for play (max tick rate 0) at 2015.11.05-19.56.15
[2015.11.06-03.56.15:297][390]LogActor:Warning: GameSession /Game/TopDownBP/Maps/UEDPIE_0_TopDownExampleMap.TopDownExampleMap:PersistentLevel.GameSession_0 has natively added scene component(s), but none of them were set as the actor's RootComponent - picking one arbitrarily
[2015.11.06-03.56.15:299][390]LogActor:Warning: GameNetworkManager /Game/TopDownBP/Maps/UEDPIE_0_TopDownExampleMap.TopDownExampleMap:PersistentLevel.GameNetworkManager_0 has natively added scene component(s), but none of them were set as the actor's RootComponent - picking one arbitrarily
[2015.11.06-03.56.15:301][390]LogWorld: Bringing up level for play took: 0.017792
[2015.11.06-03.56.15:378][390]PIE: Info Play in editor start time for /Game/TopDownBP/Maps/UEDPIE_0_TopDownExampleMap -0.348
[2015.11.06-03.56.15:379][390]LogBlueprintUserMessages: Late PlayInEditor Detection: Level '/Game/TopDownBP/Maps/TopDownExampleMap.TopDownExampleMap:PersistentLevel' has LevelScriptBlueprint '/Game/TopDownBP/Maps/TopDownExampleMap.TopDownExampleMap:PersistentLevel.TopDownExampleMap' with GeneratedClass '/Game/TopDownBP/Maps/TopDownExampleMap.TopDownExampleMap_C' with ClassGeneratedBy '/Game/TopDownBP/Maps/TopDownExampleMap.TopDownExampleMap:PersistentLevel.TopDownExampleMap'
[2015.11.06-03.56.15:380][390]LogBlueprintUserMessages: [MainCharacterUnique_C_0] P=0.000000 Y=0.000000 R=0.000000
[2015.11.06-03.56.15:380][390]LogBlueprintUserMessages: [MainCharacterUnique_C_0] P=0.000000 Y=0.000000 R=0.000000
[2015.11.06-03.56.15:467][391]LogBlueprintUserMessages: [MainCharacterUnique_C_0] P=0.000000 Y=0.000000 R=0.000000
[2015.11.06-03.56.15:467][391]LogBlueprintUserMessages: [MainCharacterUnique_C_0] P=0.000000 Y=0.000000 R=0.000000
[2015.11.06-03.56.15:667][392]LogBlueprintUserMessages: [MainCharacterUnique_C_0] P=0.000000 Y=0.000000 R=0.000000
[2015.11.06-03.56.15:667][392]LogBlueprintUserMessages: [MainCharacterUnique_C_0] P=0.000000 Y=0.000000 R=0.000000
[2015.11.06-03.56.15:728][393]LogBlueprintUserMessages: [MainCharacterUnique_C_0] P=0.000000 Y=0.000000 R=0.000000
[2015.11.06-03.56.15:728][393]LogBlueprintUserMessages: [MainCharacterUnique_C_0] P=0.000000 Y=0.000000 R=0.000000
[2015.11.06-03.56.15:829][394]LogBlueprintUserMessages: [MainCharacterUnique_C_0] P=0.000000 Y=0.000000 R=0.000000
[2015.11.06-03.56.15:829][394]LogBlueprintUserMessages: [MainCharacterUnique_C_0] P=0.000000 Y=0.000000 R=0.000000
[2015.11.06-03.56.15:964][395]LogBlueprintUserMessages: [MainCharacterUnique_C_0] P=0.000000 Y=0.000000 R=0.000000
[2015.11.06-03.56.15:964][395]LogBlueprintUserMessages: [MainCharacterUnique_C_0] P=0.000000 Y=0.000000 R=0.000000
[2015.11.06-03.56.15:995][396]LogBlueprintUserMessages: [MainCharacterUnique_C_0] P=0.000000 Y=0.000000 R=0.000000
[2015.11.06-03.56.15:995][396]LogBlueprintUserMessages: [MainCharacterUnique_C_0] P=0.000000 Y=0.000000 R=0.000000
[2015.11.06-03.56.16:032][397]LogBlueprintUserMessages: [MainCharacterUnique_C_0] P=0.000000 Y=0.000000 R=0.000000
[2015.11.06-03.56.16:032][397]LogBlueprintUserMessages: [MainCharacterUnique_C_0] P=0.000000 Y=0.000000 R=0.000000
[2015.11.06-03.56.16:074][398]LogBlueprintUserMessages: [MainCharacterUnique_C_0] P=0.000000 Y=0.000000 R=0.000000
[2015.11.06-03.56.16:074][398]LogBlueprintUserMessages: [MainCharacterUnique_C_0] P=0.000000 Y=0.000000 R=0.000000
[2015.11.06-03.56.16:145][399]LogBlueprintUserMessages: [MainCharacterUnique_C_0] P=0.000000 Y=0.000000 R=0.000000
[2015.11.06-03.56.16:145][399]LogBlueprintUserMessages: [MainCharacterUnique_C_0] P=0.000000 Y=0.000000 R=0.000000
[2015.11.06-03.56.16:196][400]LogBlueprintUserMessages: [MainCharacterUnique_C_0] P=0.000000 Y=0.000000 R=0.000000
[2015.11.06-03.56.16:196][400]LogBlueprintUserMessages: [MainCharacterUnique_C_0] P=0.000000 Y=0.000000 R=0.000000
[2015.11.06-03.56.16:237][401]LogBlueprintUserMessages: [MainCharacterUnique_C_0] P=0.000000 Y=0.000000 R=0.000000
[2015.11.06-03.56.16:237][401]LogBlueprintUserMessages: [MainCharacterUnique_C_0] P=0.000000 Y=0.000000 R=0.000000
[2015.11.06-03.56.16:286][402]LogBlueprintUserMessages: [MainCharacterUnique_C_0] P=0.000000 Y=0.000000 R=0.000000
[2015.11.06-03.56.16:286][402]LogBlueprintUserMessages: [MainCharacterUnique_C_0] P=0.000000 Y=45.000000 R=0.000000
[2015.11.06-03.56.16:388][403]LogBlueprintUserMessages: [MainCharacterUnique_C_0] P=0.000000 Y=90.000000 R=0.000000
[2015.11.06-03.56.16:388][403]LogBlueprintUserMessages: [MainCharacterUnique_C_0] P=0.000000 Y=90.000000 R=0.000000
[2015.11.06-03.56.16:444][404]LogBlueprintUserMessages: [MainCharacterUnique_C_0] P=0.000000 Y=90.000000 R=0.000000
[2015.11.06-03.56.16:444][404]LogBlueprintUserMessages: [MainCharacterUnique_C_0] P=0.000000 Y=90.000000 R=0.000000
[2015.11.06-03.56.16:490][405]LogBlueprintUserMessages: [MainCharacterUnique_C_0] P=0.000000 Y=90.000000 R=0.000000
[2015.11.06-03.56.16:490][405]LogBlueprintUserMessages: [MainCharacterUnique_C_0] P=0.000000 Y=90.000000 R=0.000000
[2015.11.06-03.56.16:550][406]LogBlueprintUserMessages: [MainCharacterUnique_C_0] P=0.000000 Y=135.000000 R=0.000000
[2015.11.06-03.56.16:550][406]LogBlueprintUserMessages: [MainCharacterUnique_C_0] P=0.000000 Y=135.000000 R=0.000000
[2015.11.06-03.56.16:611][407]LogBlueprintUserMessages: [MainCharacterUnique_C_0] P=0.000000 Y=135.000000 R=0.000000
[2015.11.06-03.56.16:612][407]LogBlueprintUserMessages: [MainCharacterUnique_C_0] P=0.000000 Y=180.000000 R=0.000000
[2015.11.06-03.56.16:652][408]LogBlueprintUserMessages: [MainCharacterUnique_C_0] P=0.000000 Y=180.000000 R=0.000000
[2015.11.06-03.56.16:652][408]LogBlueprintUserMessages: [MainCharacterUnique_C_0] P=0.000000 Y=180.000000 R=0.000000
[2015.11.06-03.56.16:743][409]LogBlueprintUserMessages: [MainCharacterUnique_C_0] P=0.000000 Y=180.000000 R=0.000000
[2015.11.06-03.56.16:743][409]LogBlueprintUserMessages: [MainCharacterUnique_C_0] P=0.000000 Y=180.000000 R=0.000000
[2015.11.06-03.56.16:819][410]LogBlueprintUserMessages: [MainCharacterUnique_C_0] P=0.000000 Y=180.000000 R=0.000000
[2015.11.06-03.56.16:819][410]LogBlueprintUserMessages: [MainCharacterUnique_C_0] P=0.000000 Y=180.000000 R=0.000000
[2015.11.06-03.56.16:859][411]LogBlueprintUserMessages: [MainCharacterUnique_C_0] P=0.000000 Y=180.000000 R=0.000000
[2015.11.06-03.56.16:859][411]LogBlueprintUserMessages: [MainCharacterUnique_C_0] P=0.000000 Y=180.000000 R=0.000000
[2015.11.06-03.56.16:914][412]LogBlueprintUserMessages: [MainCharacterUnique_C_0] P=0.000000 Y=180.000000 R=0.000000
[2015.11.06-03.56.16:914][412]LogBlueprintUserMessages: [MainCharacterUnique_C_0] P=0.000000 Y=180.000000 R=0.000000
[2015.11.06-03.56.16:991][413]LogBlueprintUserMessages: [MainCharacterUnique_C_0] P=0.000000 Y=0.000000 R=0.000000
[2015.11.06-03.56.16:992][413]LogBlueprintUserMessages: [MainCharacterUnique_C_0] P=0.000000 Y=0.000000 R=0.000000
[2015.11.06-03.56.17:028][414]LogBlueprintUserMessages: [MainCharacterUnique_C_0] P=0.000000 Y=0.000000 R=0.000000
[2015.11.06-03.56.17:028][414]LogBlueprintUserMessages: [MainCharacterUnique_C_0] P=0.000000 Y=0.000000 R=0.000000
[2015.11.06-03.56.17:077][415]LogBlueprintUserMessages: [MainCharacterUnique_C_0] P=0.000000 Y=0.000000 R=0.000000
[2015.11.06-03.56.17:077][415]LogBlueprintUserMessages: [MainCharacterUnique_C_0] P=0.000000 Y=0.000000 R=0.000000
[2015.11.06-03.56.17:143][416]LogBlueprintUserMessages: [MainCharacterUnique_C_0] P=0.000000 Y=0.000000 R=0.000000
[2015.11.06-03.56.17:143][416]LogBlueprintUserMessages: [MainCharacterUnique_C_0] P=0.000000 Y=-90.000000 R=0.000000
[2015.11.06-03.56.17:178][417]LogBlueprintUserMessages: [MainCharacterUnique_C_0] P=0.000000 Y=-90.000000 R=0.000000
[2015.11.06-03.56.17:179][417]LogBlueprintUserMessages: [MainCharacterUnique_C_0] P=0.000000 Y=-90.000000 R=0.000000
[2015.11.06-03.56.17:223][418]LogBlueprintUserMessages: [MainCharacterUnique_C_0] P=0.000000 Y=-90.000000 R=0.000000
[2015.11.06-03.56.17:223][418]LogBlueprintUserMessages: [MainCharacterUnique_C_0] P=0.000000 Y=-90.000000 R=0.000000
[2015.11.06-03.56.17:340][419]LogBlueprintUserMessages: [MainCharacterUnique_C_0] P=0.000000 Y=-45.000000 R=0.000000
[2015.11.06-03.56.17:340][419]LogBlueprintUserMessages: [MainCharacterUnique_C_0] P=0.000000 Y=-45.000000 R=0.000000
[2015.11.06-03.56.17:387][420]LogBlueprintUserMessages: [MainCharacterUnique_C_0] P=0.000000 Y=-45.000000 R=0.000000
[2015.11.06-03.56.17:387][420]LogBlueprintUserMessages: [MainCharacterUnique_C_0] P=0.000000 Y=-45.000000 R=0.000000
[2015.11.06-03.56.17:444][421]LogBlueprintUserMessages: [MainCharacterUnique_C_0] P=0.000000 Y=-45.000000 R=0.000000
[2015.11.06-03.56.17:445][421]LogBlueprintUserMessages: [MainCharacterUnique_C_0] P=0.000000 Y=0.000000 R=0.000000
[2015.11.06-03.56.17:487][422]LogBlueprintUserMessages: [MainCharacterUnique_C_0] P=0.000000 Y=0.000000 R=0.000000
[2015.11.06-03.56.17:487][422]LogBlueprintUserMessages: [MainCharacterUnique_C_0] P=0.000000 Y=0.000000 R=0.000000
[2015.11.06-03.56.17:559][423]LogBlueprintUserMessages: [MainCharacterUnique_C_0] P=0.000000 Y=0.000000 R=0.000000
[2015.11.06-03.56.17:560][423]LogBlueprintUserMessages: [MainCharacterUnique_C_0] P=0.000000 Y=90.000000 R=0.000000
[2015.11.06-03.56.17:615][424]LogBlueprintUserMessages: [MainCharacterUnique_C_0] P=0.000000 Y=90.000000 R=0.000000
[2015.11.06-03.56.17:615][424]LogBlueprintUserMessages: [MainCharacterUnique_C_0] P=0.000000 Y=90.000000 R=0.000000
[2015.11.06-03.56.17:718][425]LogBlueprintUserMessages: [MainCharacterUnique_C_0] P=0.000000 Y=90.000000 R=0.000000
[2015.11.06-03.56.17:719][425]LogBlueprintUserMessages: [MainCharacterUnique_C_0] P=0.000000 Y=0.000000 R=0.000000
[2015.11.06-03.56.17:754][426]LogBlueprintUserMessages: [MainCharacterUnique_C_0] P=0.000000 Y=0.000000 R=0.000000
[2015.11.06-03.56.17:754][426]LogBlueprintUserMessages: [MainCharacterUnique_C_0] P=0.000000 Y=0.000000 R=0.000000
[2015.11.06-03.56.17:811][427]LogBlueprintUserMessages: [MainCharacterUnique_C_0] P=0.000000 Y=0.000000 R=0.000000
[2015.11.06-03.56.17:811][427]LogBlueprintUserMessages: [MainCharacterUnique_C_0] P=0.000000 Y=0.000000 R=0.000000
[2015.11.06-03.56.17:891][428]LogBlueprintUserMessages: Early EndPlayMap Detection: Level '/Game/TopDownBP/Maps/TopDownExampleMap.TopDownExampleMap:PersistentLevel' has LevelScriptBlueprint '/Game/TopDownBP/Maps/TopDownExampleMap.TopDownExampleMap:PersistentLevel.TopDownExampleMap' with GeneratedClass '/Game/TopDownBP/Maps/TopDownExampleMap.TopDownExampleMap_C' with ClassGeneratedBy '/Game/TopDownBP/Maps/TopDownExampleMap.TopDownExampleMap:PersistentLevel.TopDownExampleMap'
[2015.11.06-03.56.18:006][428]LogBlueprintUserMessages: Late EndPlayMap Detection: Level '/Game/TopDownBP/Maps/TopDownExampleMap.TopDownExampleMap:PersistentLevel' has LevelScriptBlueprint '/Game/TopDownBP/Maps/TopDownExampleMap.TopDownExampleMap:PersistentLevel.TopDownExampleMap' with GeneratedClass '/Game/TopDownBP/Maps/TopDownExampleMap.TopDownExampleMap_C' with ClassGeneratedBy '/Game/TopDownBP/Maps/TopDownExampleMap.TopDownExampleMap:PersistentLevel.TopDownExampleMap'
[2015.11.06-03.56.18:052][428]LogParticles: Destroying 0 GPU particle simulations for FXSystem 0x00000000039BC0E0
[2015.11.06-03.56.26:883][555]LogLinker:Warning: Asset '../../../Engine/Content/ArtTools/RenderToTexture/Macros/RenderToTextureMacros.uasset' has been saved with empty engine version. The asset will be loaded but may be incompatible.
[2015.11.06-03.56.28:607][555]LogContentBrowser: Native class hierarchy updated for 'BlueprintGraph' in 0.0029 seconds. Added 107 classes and 0 folders.
[2015.11.06-03.56.44:739][630]LogCrashTracker: 


[2015.11.06-03.56.44:810][630]LogWindows:Error: Windows GetLastError: The operation completed successfully. (0)
[2015.11.06-03.56.44:857][630]LogCrashTracker: 


[2015.11.06-03.56.44:857][630]LogWindows: === Critical error: ===
Fatal error: [File:D:\BuildFarm\buildmachine_++depot+UE4-Releases+4.9\Engine\Source\Runtime\RenderCore\Private\RenderingThread.cpp] [Line: 675] 
Rendering thread exception:
Fatal error!






[2015.11.06-03.56.45:206][630]LogExit: Executing StaticShutdownAfterError
[2015.11.06-03.56.45:224][630]LogPhysics:Warning: PHYSX: ..\..\PhysX\src\NpScene.cpp (2946) 8 : PxScene::unlockWrite() called without matching call to PxScene::lockWrite(), behaviour will be undefined.
[2015.11.06-03.56.45:224][630]LogPhysics:Warning: PHYSX: ..\..\PhysX\src\NpScene.cpp (2946) 8 : PxScene::unlockWrite() called without matching call to PxScene::lockWrite(), behaviour will be undefined.
[2015.11.06-03.56.45:226][630]LogPhysics:Warning: PHYSX: ..\..\PhysX\src\NpScene.cpp (2946) 8 : PxScene::unlockWrite() called without matching call to PxScene::lockWrite(), behaviour will be undefined.
[2015.11.06-03.56.45:227][630]LogPhysics:Warning: PHYSX: ..\..\PhysX\src\NpScene.cpp (2946) 8 : PxScene::unlockWrite() called without matching call to PxScene::lockWrite(), behaviour will be undefined.
[2015.11.06-03.56.45:227][630]LogWindows: FPlatformMisc::RequestExit(1)
[2015.11.06-03.56.45:227][630]Log file closed, 11/05/15 19:56:45
